<?xml version="1.0" encoding="UTF-8"?>
<coverage generated="1767113111224" clover="3.2.0">
  <project timestamp="1767113111224" name="All files">
    <metrics statements="33" coveredstatements="32" conditionals="22" coveredconditionals="20" methods="4" coveredmethods="4" elements="59" coveredelements="56" complexity="0" loc="33" ncloc="33" packages="1" files="2" classes="2"/>
    <file name="index.js" path="C:\Users\hp\Desktop\hexlet\javascript_qa_engineer_projects\qa-auto-engineer-javascript-project-87\src\index.js">
      <metrics statements="21" coveredstatements="21" conditionals="16" coveredconditionals="16" methods="3" coveredmethods="3"/>
      <line num="4" count="1" type="stmt"/>
      <line num="5" count="20" type="cond" truecount="2" falsecount="0"/>
      <line num="6" count="19" type="cond" truecount="4" falsecount="0"/>
      <line num="7" count="6" type="stmt"/>
      <line num="10" count="1" type="stmt"/>
      <line num="11" count="5" type="stmt"/>
      <line num="12" count="5" type="stmt"/>
      <line num="14" count="5" type="stmt"/>
      <line num="16" count="5" type="stmt"/>
      <line num="17" count="17" type="stmt"/>
      <line num="18" count="17" type="stmt"/>
      <line num="20" count="17" type="cond" truecount="4" falsecount="0"/>
      <line num="21" count="5" type="stmt"/>
      <line num="24" count="12" type="cond" truecount="4" falsecount="0"/>
      <line num="25" count="2" type="stmt"/>
      <line num="29" count="10" type="stmt"/>
      <line num="30" count="10" type="stmt"/>
      <line num="32" count="10" type="cond" truecount="2" falsecount="0"/>
      <line num="33" count="7" type="stmt"/>
      <line num="36" count="3" type="stmt"/>
      <line num="39" count="5" type="stmt"/>
    </file>
    <file name="parseFile.js" path="C:\Users\hp\Desktop\hexlet\javascript_qa_engineer_projects\qa-auto-engineer-javascript-project-87\src\parseFile.js">
      <metrics statements="12" coveredstatements="11" conditionals="6" coveredconditionals="4" methods="1" coveredmethods="1"/>
      <line num="4" count="1" type="stmt"/>
      <line num="5" count="12" type="stmt"/>
      <line num="6" count="12" type="stmt"/>
      <line num="8" count="12" type="cond" truecount="2" falsecount="0"/>
      <line num="9" count="9" type="stmt"/>
      <line num="10" count="9" type="stmt"/>
      <line num="13" count="1" type="stmt"/>
      <line num="17" count="3" type="cond" truecount="2" falsecount="2"/>
      <line num="18" count="3" type="stmt"/>
      <line num="19" count="3" type="stmt"/>
      <line num="22" count="1" type="stmt"/>
      <line num="26" count="0" type="stmt"/>
    </file>
  </project>
</coverage>
