<?xml version="1.0" encoding="UTF-8"?>
<coverage generated="1766511183017" clover="3.2.0">
  <project timestamp="1766511183017" name="All files">
    <metrics statements="31" coveredstatements="27" conditionals="22" coveredconditionals="17" methods="4" coveredmethods="4" elements="57" coveredelements="48" complexity="0" loc="31" ncloc="31" packages="1" files="2" classes="2"/>
    <file name="index.js" path="C:\Users\hp\Desktop\hexlet\javascript_qa_engineer_projects\qa-auto-engineer-javascript-project-87\src\index.js">
      <metrics statements="21" coveredstatements="21" conditionals="16" coveredconditionals="16" methods="3" coveredmethods="3"/>
      <line num="4" count="1" type="stmt"/>
      <line num="5" count="14" type="cond" truecount="2" falsecount="0"/>
      <line num="6" count="13" type="cond" truecount="4" falsecount="0"/>
      <line num="7" count="4" type="stmt"/>
      <line num="10" count="1" type="stmt"/>
      <line num="11" count="4" type="stmt"/>
      <line num="12" count="4" type="stmt"/>
      <line num="14" count="4" type="stmt"/>
      <line num="16" count="4" type="stmt"/>
      <line num="17" count="12" type="stmt"/>
      <line num="18" count="12" type="stmt"/>
      <line num="20" count="12" type="cond" truecount="4" falsecount="0"/>
      <line num="21" count="3" type="stmt"/>
      <line num="24" count="9" type="cond" truecount="4" falsecount="0"/>
      <line num="25" count="1" type="stmt"/>
      <line num="29" count="8" type="stmt"/>
      <line num="30" count="8" type="stmt"/>
      <line num="32" count="8" type="cond" truecount="2" falsecount="0"/>
      <line num="33" count="6" type="stmt"/>
      <line num="36" count="2" type="stmt"/>
      <line num="39" count="4" type="stmt"/>
    </file>
    <file name="parseFile.js" path="C:\Users\hp\Desktop\hexlet\javascript_qa_engineer_projects\qa-auto-engineer-javascript-project-87\src\parseFile.js">
      <metrics statements="10" coveredstatements="6" conditionals="6" coveredconditionals="1" methods="1" coveredmethods="1"/>
      <line num="4" count="1" type="stmt"/>
      <line num="5" count="8" type="stmt"/>
      <line num="6" count="8" type="stmt"/>
      <line num="8" count="8" type="cond" truecount="1" falsecount="1"/>
      <line num="9" count="8" type="stmt"/>
      <line num="10" count="8" type="stmt"/>
      <line num="13" count="0" type="stmt"/>
      <line num="17" count="0" type="cond" truecount="0" falsecount="4"/>
      <line num="18" count="0" type="stmt"/>
      <line num="21" count="0" type="stmt"/>
    </file>
  </project>
</coverage>
