{"C:\\Users\\hp\\Desktop\\hexlet\\javascript_qa_engineer_projects\\qa-auto-engineer-javascript-project-87\\src\\index.js": {"path":"C:\\Users\\hp\\Desktop\\hexlet\\javascript_qa_engineer_projects\\qa-auto-engineer-javascript-project-87\\src\\index.js","statementMap":{"0":{"start":{"line":4,"column":20},"end":{"line":8,"column":1}},"1":{"start":{"line":5,"column":2},"end":{"line":5,"column":35}},"2":{"start":{"line":5,"column":22},"end":{"line":5,"column":35}},"3":{"start":{"line":6,"column":2},"end":{"line":6,"column":83}},"4":{"start":{"line":6,"column":63},"end":{"line":6,"column":83}},"5":{"start":{"line":7,"column":2},"end":{"line":7,"column":22}},"6":{"start":{"line":10,"column":16},"end":{"line":40,"column":1}},"7":{"start":{"line":11,"column":16},"end":{"line":11,"column":36}},"8":{"start":{"line":12,"column":16},"end":{"line":12,"column":36}},"9":{"start":{"line":14,"column":15},"end":{"line":14,"column":90}},"10":{"start":{"line":16,"column":16},"end":{"line":37,"column":4}},"11":{"start":{"line":17,"column":17},"end":{"line":17,"column":65}},"12":{"start":{"line":18,"column":17},"end":{"line":18,"column":65}},"13":{"start":{"line":20,"column":4},"end":{"line":22,"column":5}},"14":{"start":{"line":21,"column":6},"end":{"line":21,"column":53}},"15":{"start":{"line":24,"column":4},"end":{"line":26,"column":5}},"16":{"start":{"line":25,"column":6},"end":{"line":25,"column":53}},"17":{"start":{"line":29,"column":17},"end":{"line":29,"column":27}},"18":{"start":{"line":30,"column":17},"end":{"line":30,"column":27}},"19":{"start":{"line":32,"column":4},"end":{"line":34,"column":5}},"20":{"start":{"line":33,"column":6},"end":{"line":33,"column":47}},"21":{"start":{"line":36,"column":4},"end":{"line":36,"column":83}},"22":{"start":{"line":39,"column":2},"end":{"line":39,"column":40}}},"fnMap":{"0":{"name":"(anonymous_0)","decl":{"start":{"line":4,"column":20},"end":{"line":4,"column":21}},"loc":{"start":{"line":4,"column":31},"end":{"line":8,"column":1}},"line":4},"1":{"name":"(anonymous_1)","decl":{"start":{"line":10,"column":16},"end":{"line":10,"column":17}},"loc":{"start":{"line":10,"column":42},"end":{"line":40,"column":1}},"line":10},"2":{"name":"(anonymous_2)","decl":{"start":{"line":16,"column":29},"end":{"line":16,"column":30}},"loc":{"start":{"line":16,"column":38},"end":{"line":37,"column":3}},"line":16}},"branchMap":{"0":{"loc":{"start":{"line":5,"column":2},"end":{"line":5,"column":35}},"type":"if","locations":[{"start":{"line":5,"column":2},"end":{"line":5,"column":35}},{"start":{},"end":{}}],"line":5},"1":{"loc":{"start":{"line":6,"column":2},"end":{"line":6,"column":83}},"type":"if","locations":[{"start":{"line":6,"column":2},"end":{"line":6,"column":83}},{"start":{},"end":{}}],"line":6},"2":{"loc":{"start":{"line":6,"column":6},"end":{"line":6,"column":61}},"type":"binary-expr","locations":[{"start":{"line":6,"column":6},"end":{"line":6,"column":32}},{"start":{"line":6,"column":36},"end":{"line":6,"column":61}}],"line":6},"3":{"loc":{"start":{"line":20,"column":4},"end":{"line":22,"column":5}},"type":"if","locations":[{"start":{"line":20,"column":4},"end":{"line":22,"column":5}},{"start":{},"end":{}}],"line":20},"4":{"loc":{"start":{"line":20,"column":8},"end":{"line":20,"column":21}},"type":"binary-expr","locations":[{"start":{"line":20,"column":8},"end":{"line":20,"column":12}},{"start":{"line":20,"column":16},"end":{"line":20,"column":21}}],"line":20},"5":{"loc":{"start":{"line":24,"column":4},"end":{"line":26,"column":5}},"type":"if","locations":[{"start":{"line":24,"column":4},"end":{"line":26,"column":5}},{"start":{},"end":{}}],"line":24},"6":{"loc":{"start":{"line":24,"column":8},"end":{"line":24,"column":21}},"type":"binary-expr","locations":[{"start":{"line":24,"column":8},"end":{"line":24,"column":13}},{"start":{"line":24,"column":17},"end":{"line":24,"column":21}}],"line":24},"7":{"loc":{"start":{"line":32,"column":4},"end":{"line":34,"column":5}},"type":"if","locations":[{"start":{"line":32,"column":4},"end":{"line":34,"column":5}},{"start":{},"end":{}}],"line":32}},"s":{"0":1,"1":14,"2":1,"3":13,"4":9,"5":4,"6":1,"7":4,"8":4,"9":4,"10":4,"11":12,"12":12,"13":12,"14":3,"15":9,"16":1,"17":8,"18":8,"19":8,"20":6,"21":2,"22":4},"f":{"0":14,"1":4,"2":12},"b":{"0":[1,13],"1":[9,4],"2":[13,9],"3":[3,9],"4":[12,11],"5":[1,8],"6":[9,1],"7":[6,2]},"inputSourceMap":null,"_coverageSchema":"1a1c01bbd47fc00a2c39e90264f33305004495a9","hash":"e9617cda7144719b78591d89291603f96068fe04"}
,"C:\\Users\\hp\\Desktop\\hexlet\\javascript_qa_engineer_projects\\qa-auto-engineer-javascript-project-87\\src\\parseFile.js": {"path":"C:\\Users\\hp\\Desktop\\hexlet\\javascript_qa_engineer_projects\\qa-auto-engineer-javascript-project-87\\src\\parseFile.js","statementMap":{"0":{"start":{"line":4,"column":18},"end":{"line":22,"column":1}},"1":{"start":{"line":5,"column":18},"end":{"line":5,"column":51}},"2":{"start":{"line":6,"column":14},"end":{"line":6,"column":50}},"3":{"start":{"line":8,"column":2},"end":{"line":15,"column":3}},"4":{"start":{"line":9,"column":4},"end":{"line":14,"column":5}},"5":{"start":{"line":10,"column":6},"end":{"line":10,"column":32}},"6":{"start":{"line":13,"column":6},"end":{"line":13,"column":85}},"7":{"start":{"line":17,"column":2},"end":{"line":19,"column":3}},"8":{"start":{"line":18,"column":4},"end":{"line":18,"column":86}},"9":{"start":{"line":21,"column":2},"end":{"line":21,"column":50}}},"fnMap":{"0":{"name":"(anonymous_0)","decl":{"start":{"line":4,"column":18},"end":{"line":4,"column":19}},"loc":{"start":{"line":4,"column":32},"end":{"line":22,"column":1}},"line":4}},"branchMap":{"0":{"loc":{"start":{"line":8,"column":2},"end":{"line":15,"column":3}},"type":"if","locations":[{"start":{"line":8,"column":2},"end":{"line":15,"column":3}},{"start":{},"end":{}}],"line":8},"1":{"loc":{"start":{"line":17,"column":2},"end":{"line":19,"column":3}},"type":"if","locations":[{"start":{"line":17,"column":2},"end":{"line":19,"column":3}},{"start":{},"end":{}}],"line":17},"2":{"loc":{"start":{"line":17,"column":6},"end":{"line":17,"column":39}},"type":"binary-expr","locations":[{"start":{"line":17,"column":6},"end":{"line":17,"column":20}},{"start":{"line":17,"column":24},"end":{"line":17,"column":39}}],"line":17}},"s":{"0":1,"1":8,"2":8,"3":8,"4":8,"5":8,"6":0,"7":0,"8":0,"9":0},"f":{"0":8},"b":{"0":[8,0],"1":[0,0],"2":[0,0]},"inputSourceMap":null,"_coverageSchema":"1a1c01bbd47fc00a2c39e90264f33305004495a9","hash":"162260d424c62e1ca98d3359f494d403d11f0e76"}
}
