TN:
SF:src\index.js
FN:4,(anonymous_0)
FN:10,(anonymous_1)
FN:16,(anonymous_2)
FNF:3
FNH:3
FNDA:14,(anonymous_0)
FNDA:4,(anonymous_1)
FNDA:12,(anonymous_2)
DA:4,1
DA:5,14
DA:6,13
DA:7,4
DA:10,1
DA:11,4
DA:12,4
DA:14,4
DA:16,4
DA:17,12
DA:18,12
DA:20,12
DA:21,3
DA:24,9
DA:25,1
DA:29,8
DA:30,8
DA:32,8
DA:33,6
DA:36,2
DA:39,4
LF:21
LH:21
BRDA:5,0,0,1
BRDA:5,0,1,13
BRDA:6,1,0,9
BRDA:6,1,1,4
BRDA:6,2,0,13
BRDA:6,2,1,9
BRDA:20,3,0,3
BRDA:20,3,1,9
BRDA:20,4,0,12
BRDA:20,4,1,11
BRDA:24,5,0,1
BRDA:24,5,1,8
BRDA:24,6,0,9
BRDA:24,6,1,1
BRDA:32,7,0,6
BRDA:32,7,1,2
BRF:16
BRH:16
end_of_record
TN:
SF:src\parseFile.js
FN:4,(anonymous_0)
FNF:1
FNH:1
FNDA:8,(anonymous_0)
DA:4,1
DA:5,8
DA:6,8
DA:8,8
DA:9,8
DA:10,8
DA:13,0
DA:17,0
DA:18,0
DA:21,0
LF:10
LH:6
BRDA:8,0,0,8
BRDA:8,0,1,0
BRDA:17,1,0,0
BRDA:17,1,1,0
BRDA:17,2,0,0
BRDA:17,2,1,0
BRF:6
BRH:1
end_of_record
