TN:
SF:src\index.js
FN:4,(anonymous_0)
FN:10,(anonymous_1)
FN:16,(anonymous_2)
FNF:3
FNH:3
FNDA:20,(anonymous_0)
FNDA:5,(anonymous_1)
FNDA:17,(anonymous_2)
DA:4,1
DA:5,20
DA:6,19
DA:7,6
DA:10,1
DA:11,5
DA:12,5
DA:14,5
DA:16,5
DA:17,17
DA:18,17
DA:20,17
DA:21,5
DA:24,12
DA:25,2
DA:29,10
DA:30,10
DA:32,10
DA:33,7
DA:36,3
DA:39,5
LF:21
LH:21
BRDA:5,0,0,1
BRDA:5,0,1,19
BRDA:6,1,0,13
BRDA:6,1,1,6
BRDA:6,2,0,19
BRDA:6,2,1,13
BRDA:20,3,0,5
BRDA:20,3,1,12
BRDA:20,4,0,17
BRDA:20,4,1,15
BRDA:24,5,0,2
BRDA:24,5,1,10
BRDA:24,6,0,12
BRDA:24,6,1,2
BRDA:32,7,0,7
BRDA:32,7,1,3
BRF:16
BRH:16
end_of_record
TN:
SF:src\parseFile.js
FN:4,(anonymous_0)
FNF:1
FNH:1
FNDA:12,(anonymous_0)
DA:4,1
DA:5,12
DA:6,12
DA:8,12
DA:9,9
DA:10,9
DA:13,1
DA:17,3
DA:18,3
DA:19,3
DA:22,1
DA:26,0
LF:12
LH:11
BRDA:8,0,0,9
BRDA:8,0,1,3
BRDA:17,1,0,3
BRDA:17,1,1,0
BRDA:17,2,0,3
BRDA:17,2,1,0
BRF:6
BRH:4
end_of_record
